<?xml version="1.0" encoding="UTF-8" ?>
<testsuite tests="2" failures="0" name="com.winter.authorityManagementSystem.dao.test.IUsersDaoTest" time="1.537" errors="0" skipped="0">
  <properties>
    <property name="java.runtime.name" value="Java(TM) SE Runtime Environment"/>
    <property name="sun.boot.library.path" value="E:\PCprogremFiles\Java\jdk\jre\bin"/>
    <property name="java.vm.version" value="25.201-b09"/>
    <property name="java.vm.vendor" value="Oracle Corporation"/>
    <property name="maven.multiModuleProjectDirectory" value="E:\PCprogremFiles\IDEAIU\workspace\AuthorityManagementSystem"/>
    <property name="java.vendor.url" value="http://java.oracle.com/"/>
    <property name="path.separator" value=";"/>
    <property name="guice.disable.misplaced.annotation.check" value="true"/>
    <property name="java.vm.name" value="Java HotSpot(TM) 64-Bit Server VM"/>
    <property name="file.encoding.pkg" value="sun.io"/>
    <property name="user.script" value=""/>
    <property name="user.country" value="CN"/>
    <property name="sun.java.launcher" value="SUN_STANDARD"/>
    <property name="sun.os.patch.level" value=""/>
    <property name="java.vm.specification.name" value="Java Virtual Machine Specification"/>
    <property name="user.dir" value="E:\PCprogremFiles\IDEAIU\workspace\AuthorityManagementSystem"/>
    <property name="java.runtime.version" value="1.8.0_201-b09"/>
    <property name="java.awt.graphicsenv" value="sun.awt.Win32GraphicsEnvironment"/>
    <property name="java.endorsed.dirs" value="E:\PCprogremFiles\Java\jdk\jre\lib\endorsed"/>
    <property name="os.arch" value="amd64"/>
    <property name="java.io.tmpdir" value="C:\Users\朱方帅\AppData\Local\Temp\"/>
    <property name="line.separator" value="
"/>
    <property name="java.vm.specification.vendor" value="Oracle Corporation"/>
    <property name="user.variant" value=""/>
    <property name="os.name" value="Windows 10"/>
    <property name="maven.ext.class.path" value="E:\PCprogremFiles\IDEAIU\IDAE\IntelliJ IDEA 2020.1.1\plugins\maven\lib\maven-event-listener.jar"/>
    <property name="classworlds.conf" value="E:\PCprogremFiles\maven\apache-maven-3.6.3\bin\m2.conf"/>
    <property name="sun.jnu.encoding" value="GBK"/>
    <property name="java.library.path" value="E:\PCprogremFiles\Java\jdk\bin;C:\WINDOWS\Sun\Java\bin;C:\WINDOWS\system32;C:\WINDOWS;E:\PCprogremFiles\vwware16\bin\;E:\PCprogremFiles\Java\jdk\bin;E:\PCprogremFiles\xftp\;C:\Program Files (x86)\Intel\Intel(R) Management Engine Components\iCLS\;C:\Program Files\Intel\Intel(R) Management Engine Components\iCLS\;C:\Windows\system32;C:\Windows;C:\Windows\System32\Wbem;C:\Windows\System32\WindowsPowerShell\v1.0\;C:\Windows\System32\OpenSSH\;C:\Program Files (x86)\NVIDIA Corporation\PhysX\Common;C:\Program Files (x86)\Intel\Intel(R) Management Engine Components\DAL;C:\Program Files\Intel\Intel(R) Management Engine Components\DAL;C:\Program Files (x86)\Intel\Intel(R) Management Engine Components\IPT;C:\Program Files\Intel\Intel(R) Management Engine Components\IPT;C:\Program Files\Intel\WiFi\bin\;C:\Program Files\Common Files\Intel\WirelessCommon\;C:\Program Files\NVIDIA Corporation\NVIDIA NvDLISR;C:\WINDOWS\system32;C:\WINDOWS;C:\WINDOWS\System32\Wbem;C:\WINDOWS\System32\WindowsPowerShell\v1.0\;C:\WINDOWS\System32\OpenSSH\;E:\PCprogremFiles\c++\TDM\bin;C:\Program Files\Microsoft SQL Server\120\Tools\Binn\;E:\PCprogremFiles\mysql\mySQL5.5\bin;E:\PCprogremFiles\maven\apache-maven-3.6.3\bin;E:\PCprogremFiles\Tomcat\tomcat\apache-tomcat-7.0.104\bin;E:\PCprogremFiles\Tomcat8\apache-tomcat-8.5.59\bin;C:\Program Files\dotnet\;C:\Program Files\Microsoft SQL Server\130\Tools\Binn\;C:\Program Files\Microsoft SQL Server\Client SDK\ODBC\170\Tools\Binn\;E:\PCprogremFiles\RationROSE\RationalROSE\common;E:\PCprogremFiles\git\Git\cmd;E:\PCprogremFiles\TortoiseGit\bin;C:\Users\朱方帅\AppData\Local\Programs\Python\Python36-32\Scripts\;C:\Users\朱方帅\AppData\Local\Programs\Python\Python36-32\;D:\pythonIDE\Scripts\;D:\pythonIDE\;C:\Users\朱方帅\AppData\Local\Microsoft\WindowsApps;C:\Program Files\Bandizip\;;E:\PCprogremFiles\IDEAIU\IDEAIU\IntelliJ IDEA 2020.1.1\bin;;C:\Users\朱方帅\.dotnet\tools;."/>
    <property name="maven.conf" value="E:\PCprogremFiles\maven\apache-maven-3.6.3/conf"/>
    <property name="java.specification.name" value="Java Platform API Specification"/>
    <property name="java.class.version" value="52.0"/>
    <property name="sun.management.compiler" value="HotSpot 64-Bit Tiered Compilers"/>
    <property name="maven.repo.local" value="E:\PCprogremFiles\maven\LocalWarehouse\maven_repository"/>
    <property name="os.version" value="10.0"/>
    <property name="user.home" value="C:\Users\朱方帅"/>
    <property name="user.timezone" value="Asia/Shanghai"/>
    <property name="java.awt.printerjob" value="sun.awt.windows.WPrinterJob"/>
    <property name="java.specification.version" value="1.8"/>
    <property name="file.encoding" value="UTF-8"/>
    <property name="user.name" value="朱方帅"/>
    <property name="java.class.path" value="E:\PCprogremFiles\maven\apache-maven-3.6.3\boot\plexus-classworlds-2.6.0.jar;E:\PCprogremFiles\maven\apache-maven-3.6.3\boot\plexus-classworlds.license;E:\PCprogremFiles\IDEAIU\IDAE\IntelliJ IDEA 2020.1.1\lib\idea_rt.jar"/>
    <property name="java.vm.specification.version" value="1.8"/>
    <property name="sun.arch.data.model" value="64"/>
    <property name="java.home" value="E:\PCprogremFiles\Java\jdk\jre"/>
    <property name="sun.java.command" value="org.codehaus.classworlds.Launcher -Didea.version2020.1.1 -s E:\PCprogremFiles\maven\apache-maven-3.6.3\conf\settings.xml -Dmaven.repo.local=E:\PCprogremFiles\maven\LocalWarehouse\maven_repository install"/>
    <property name="java.specification.vendor" value="Oracle Corporation"/>
    <property name="user.language" value="zh"/>
    <property name="awt.toolkit" value="sun.awt.windows.WToolkit"/>
    <property name="idea.version2020.1.1" value="true"/>
    <property name="java.vm.info" value="mixed mode"/>
    <property name="java.version" value="1.8.0_201"/>
    <property name="java.ext.dirs" value="E:\PCprogremFiles\Java\jdk\jre\lib\ext;C:\WINDOWS\Sun\Java\lib\ext"/>
    <property name="sun.boot.class.path" value="E:\PCprogremFiles\Java\jdk\jre\lib\resources.jar;E:\PCprogremFiles\Java\jdk\jre\lib\rt.jar;E:\PCprogremFiles\Java\jdk\jre\lib\sunrsasign.jar;E:\PCprogremFiles\Java\jdk\jre\lib\jsse.jar;E:\PCprogremFiles\Java\jdk\jre\lib\jce.jar;E:\PCprogremFiles\Java\jdk\jre\lib\charsets.jar;E:\PCprogremFiles\Java\jdk\jre\lib\jfr.jar;E:\PCprogremFiles\Java\jdk\jre\classes"/>
    <property name="java.vendor" value="Oracle Corporation"/>
    <property name="maven.home" value="E:\PCprogremFiles\maven\apache-maven-3.6.3"/>
    <property name="file.separator" value="\"/>
    <property name="java.vendor.url.bug" value="http://bugreport.sun.com/bugreport/"/>
    <property name="sun.cpu.endian" value="little"/>
    <property name="sun.io.unicode.encoding" value="UnicodeLittle"/>
    <property name="sun.desktop" value="windows"/>
    <property name="sun.cpu.isalist" value="amd64"/>
  </properties>
  <testcase classname="com.winter.authorityManagementSystem.dao.test.IUsersDaoTest" name="testFindAll" time="0.264"/>
  <testcase classname="com.winter.authorityManagementSystem.dao.test.IUsersDaoTest" name="testFindByUsername" time="1.273"/>
</testsuite>